[INFO] Scanning for projects...
[WARNING] 
[WARNING] Some problems were encountered while building the effective model for org.talend.components:components-google-definition:bundle:0.1.0-SNAPSHOT
[WARNING] 'parent.relativePath' of POM org.talend.components:components-google-definition:0.1.0-SNAPSHOT (C:\Users\ychen\my_components\components-google\components-google-definition\pom.xml) points at org.talend.components:components-google-aggregator instead of org.talend.components:components-parent, please verify your project structure @ line 6, column 10
[WARNING] 'build.plugins.plugin.version' for org.eclipse.tycho.extras:tycho-p2-extras-plugin is missing. @ line 172, column 12
[WARNING] 'build.plugins.plugin.version' for org.apache.maven.plugins:maven-resources-plugin is missing. @ line 169, column 12
[WARNING] 
[WARNING] Some problems were encountered while building the effective model for org.talend.components:components-google-runtime:jar:0.1.0-SNAPSHOT
[WARNING] 'parent.relativePath' of POM org.talend.components:components-google-runtime:0.1.0-SNAPSHOT (C:\Users\ychen\my_components\components-google\components-google-runtime\pom.xml) points at org.talend.components:components-google-aggregator instead of org.talend.components:components-parent, please verify your project structure @ line 5, column 10
[WARNING] 
[WARNING] It is highly recommended to fix these problems because they threaten the stability of your build.
[WARNING] 
[WARNING] For this reason, future Maven versions might no longer support building such malformed projects.
[WARNING] 
[INFO] ------------------------------------------------------------------------
[INFO] Reactor Build Order:
[INFO] 
[INFO] Components - TGoogleFusionTableInput Definition
[INFO] Components - TGoogleFusionTableInput Runtime
[INFO] Components - TGoogleFusionTableInput Aggregator
[INFO]                                                                         
[INFO] ------------------------------------------------------------------------
[INFO] Building Components - TGoogleFusionTableInput Definition 0.1.0-SNAPSHOT
[INFO] ------------------------------------------------------------------------
[INFO] Downloading: https://artifacts-oss.talend.com/nexus/content/repositories/TalendOpenSourceRelease/org/apache/maven/plugins/maven-resources-plugin/maven-metadata.xml
[INFO] Downloading: https://repo.spring.io/libs-release/org/apache/maven/plugins/maven-resources-plugin/maven-metadata.xml
[INFO] Downloaded: https://repo.spring.io/libs-release/org/apache/maven/plugins/maven-resources-plugin/maven-metadata.xml (839 B at 0.9 KB/sec)
[INFO] Downloading: https://repo.spring.io/libs-release/org/eclipse/tycho/extras/tycho-p2-extras-plugin/maven-metadata.xml
[INFO] Downloading: https://artifacts-oss.talend.com/nexus/content/repositories/TalendOpenSourceRelease/org/eclipse/tycho/extras/tycho-p2-extras-plugin/maven-metadata.xml
[INFO] Downloaded: https://repo.spring.io/libs-release/org/eclipse/tycho/extras/tycho-p2-extras-plugin/maven-metadata.xml (924 B at 2.9 KB/sec)
[INFO] Downloading: https://repo.spring.io/libs-release/org/apache/maven/plugins/maven-compiler-plugin/maven-metadata.xml
[INFO] Downloading: https://artifacts-oss.talend.com/nexus/content/repositories/TalendOpenSourceRelease/org/apache/maven/plugins/maven-compiler-plugin/maven-metadata.xml
[INFO] Downloaded: https://repo.spring.io/libs-release/org/apache/maven/plugins/maven-compiler-plugin/maven-metadata.xml (990 B at 3.2 KB/sec)
[INFO] Downloading: https://repo.spring.io/libs-release/org/apache/maven/plugins/maven-install-plugin/maven-metadata.xml
[INFO] Downloading: https://artifacts-oss.talend.com/nexus/content/repositories/TalendOpenSourceRelease/org/apache/maven/plugins/maven-install-plugin/maven-metadata.xml
[INFO] Downloaded: https://repo.spring.io/libs-release/org/apache/maven/plugins/maven-install-plugin/maven-metadata.xml (650 B at 2.0 KB/sec)
[INFO] Downloading: https://repo.spring.io/libs-release/org/apache/maven/plugins/maven-deploy-plugin/maven-metadata.xml
[INFO] Downloading: https://artifacts-oss.talend.com/nexus/content/repositories/TalendOpenSourceRelease/org/apache/maven/plugins/maven-deploy-plugin/maven-metadata.xml
[INFO] Downloaded: https://repo.spring.io/libs-release/org/apache/maven/plugins/maven-deploy-plugin/maven-metadata.xml (736 B at 2.5 KB/sec)
[INFO] Downloading: https://artifacts-oss.talend.com/nexus/content/repositories/TalendOpenSourceRelease/org/springframework/boot/spring-boot-maven-plugin/maven-metadata.xml
[INFO] Downloading: https://repo.spring.io/libs-release/org/springframework/boot/spring-boot-maven-plugin/maven-metadata.xml
[INFO] Downloaded: https://repo.spring.io/libs-release/org/springframework/boot/spring-boot-maven-plugin/maven-metadata.xml (4 KB at 7.6 KB/sec)
[INFO] 
[INFO] --- maven-clean-plugin:2.5:clean (default-clean) @ components-google-definition ---
[INFO] Deleting C:\Users\ychen\my_components\components-google\components-google-definition\target
[INFO] 
[INFO] --- jacoco-maven-plugin:0.7.7.201606060606:prepare-agent (default-prepare-agent) @ components-google-definition ---
[INFO] argLine set to -javaagent:C:\\Users\\ychen.TALEND\\.m2\\repository\\org\\jacoco\\org.jacoco.agent\\0.7.7.201606060606\\org.jacoco.agent-0.7.7.201606060606-runtime.jar=destfile=C:\\Users\\ychen\\my_components\\components-google\\components-google-definition\\target\\jacoco.exec
[INFO] 
[INFO] --- maven-dependency-plugin:2.10:list (generate-depends-file) @ components-google-definition ---
[INFO] 
[INFO] --- maven-resources-plugin:3.0.2:resources (default-resources) @ components-google-definition ---
[INFO] Using 'UTF-8' encoding to copy filtered resources.
[INFO] Copying 4 resources
[INFO] 
[INFO] --- maven-antrun-plugin:1.8:run (append-self-artifact-to-deps) @ components-google-definition ---
[WARNING] Parameter tasks is deprecated, use target instead
[INFO] Executing tasks

main:
[INFO] Executed tasks
[INFO] 
[INFO] --- maven-compiler-plugin:3.6.1:compile (default-compile) @ components-google-definition ---
[INFO] Changes detected - recompiling the module!
[INFO] Compiling 7 source files to C:\Users\ychen\my_components\components-google\components-google-definition\target\classes
[INFO] 
[INFO] --- maven-resources-plugin:3.0.2:testResources (default-testResources) @ components-google-definition ---
[INFO] Using 'UTF-8' encoding to copy filtered resources.
[INFO] Copying 1 resource
[INFO] 
[INFO] --- maven-compiler-plugin:3.6.1:testCompile (default-testCompile) @ components-google-definition ---
[INFO] Changes detected - recompiling the module!
[INFO] Compiling 5 source files to C:\Users\ychen\my_components\components-google\components-google-definition\target\test-classes
[INFO] 
[INFO] --- maven-surefire-plugin:2.18:test (default-test) @ components-google-definition ---
[INFO] Surefire report directory: C:\Users\ychen\my_components\components-google\components-google-definition\target\surefire-reports

-------------------------------------------------------
 T E S T S
-------------------------------------------------------
Running org.talend.components.google.tgooglefusiontableinput.TGoogleFusionTableInputDefinitionTest
 WARN [main] (TalendRuntimeException.java:152) - TDPException context for WRONG_CONNECTOR, is missing the given entry(ies) 
[properties]. 
Stacktrace for info
org.talend.daikon.exception.TalendRuntimeException: WRONG_CONNECTOR:{component=tGoogleFusionTableInput}
	at org.talend.daikon.exception.TalendRuntimeException$TalendRuntimeExceptionBuilder.create(TalendRuntimeException.java:304)
	at org.talend.daikon.exception.TalendRuntimeException$TalendRuntimeExceptionBuilder.throwIt(TalendRuntimeException.java:290)
	at org.talend.components.api.component.AbstractComponentDefinition.throwIncompatibleConnectorTopologyException(AbstractComponentDefinition.java:118)
	at org.talend.components.api.component.AbstractComponentDefinition.assertConnectorTopologyCompatibility(AbstractComponentDefinition.java:109)
	at org.talend.components.google.tgooglefusiontableinput.TGoogleFusionTableInputDefinition.getRuntimeInfo(TGoogleFusionTableInputDefinition.java:66)
	at org.talend.components.google.tgooglefusiontableinput.TGoogleFusionTableInputDefinitionTest.testGetRuntimeInfoWrongTopology(TGoogleFusionTableInputDefinitionTest.java:91)
	at sun.reflect.NativeMethodAccessorImpl.invoke0(Native Method)
	at sun.reflect.NativeMethodAccessorImpl.invoke(NativeMethodAccessorImpl.java:62)
	at sun.reflect.DelegatingMethodAccessorImpl.invoke(DelegatingMethodAccessorImpl.java:43)
	at java.lang.reflect.Method.invoke(Method.java:497)
	at org.junit.runners.model.FrameworkMethod$1.runReflectiveCall(FrameworkMethod.java:50)
	at org.junit.internal.runners.model.ReflectiveCallable.run(ReflectiveCallable.java:12)
	at org.junit.runners.model.FrameworkMethod.invokeExplosively(FrameworkMethod.java:47)
	at org.junit.internal.runners.statements.InvokeMethod.evaluate(InvokeMethod.java:17)
	at org.junit.rules.ExpectedException$ExpectedExceptionStatement.evaluate(ExpectedException.java:239)
	at org.junit.rules.RunRules.evaluate(RunRules.java:20)
	at org.junit.runners.ParentRunner.runLeaf(ParentRunner.java:325)
	at org.junit.runners.BlockJUnit4ClassRunner.runChild(BlockJUnit4ClassRunner.java:78)
	at org.junit.runners.BlockJUnit4ClassRunner.runChild(BlockJUnit4ClassRunner.java:57)
	at org.junit.runners.ParentRunner$3.run(ParentRunner.java:290)
	at org.junit.runners.ParentRunner$1.schedule(ParentRunner.java:71)
	at org.junit.runners.ParentRunner.runChildren(ParentRunner.java:288)
	at org.junit.runners.ParentRunner.access$000(ParentRunner.java:58)
	at org.junit.runners.ParentRunner$2.evaluate(ParentRunner.java:268)
	at org.junit.runners.ParentRunner.run(ParentRunner.java:363)
	at org.apache.maven.surefire.junit4.JUnit4Provider.execute(JUnit4Provider.java:283)
	at org.apache.maven.surefire.junit4.JUnit4Provider.executeWithRerun(JUnit4Provider.java:173)
	at org.apache.maven.surefire.junit4.JUnit4Provider.executeTestSet(JUnit4Provider.java:153)
	at org.apache.maven.surefire.junit4.JUnit4Provider.invoke(JUnit4Provider.java:128)
	at org.apache.maven.surefire.booter.ForkedBooter.invokeProviderInSameClassLoader(ForkedBooter.java:203)
	at org.apache.maven.surefire.booter.ForkedBooter.runSuitesInProcess(ForkedBooter.java:155)
	at org.apache.maven.surefire.booter.ForkedBooter.main(ForkedBooter.java:103)
Tests run: 6, Failures: 0, Errors: 0, Skipped: 0, Time elapsed: 0.312 sec - in org.talend.components.google.tgooglefusiontableinput.TGoogleFusionTableInputDefinitionTest

Results :




Tests run: 6, Failures: 0, Errors: 0, Skipped: 0

[INFO] 
[INFO] --- jacoco-maven-plugin:0.7.7.201606060606:report (default-report) @ components-google-definition ---
[INFO] Loading execution data file C:\Users\ychen\my_components\components-google\components-google-definition\target\jacoco.exec
[INFO] Analyzed bundle 'Components - TGoogleFusionTableInput Definition' with 7 classes
[INFO] 
[INFO] --- maven-bundle-plugin:3.0.1:bundle (default-bundle) @ components-google-definition ---
[INFO] 
[INFO] >>> maven-source-plugin:3.0.1:jar (attach-sources) > generate-sources @ components-google-definition >>>
[INFO] 
[INFO] --- jacoco-maven-plugin:0.7.7.201606060606:prepare-agent (default-prepare-agent) @ components-google-definition ---
[INFO] argLine set to -javaagent:C:\\Users\\ychen.TALEND\\.m2\\repository\\org\\jacoco\\org.jacoco.agent\\0.7.7.201606060606\\org.jacoco.agent-0.7.7.201606060606-runtime.jar=destfile=C:\\Users\\ychen\\my_components\\components-google\\components-google-definition\\target\\jacoco.exec
[INFO] 
[INFO] <<< maven-source-plugin:3.0.1:jar (attach-sources) < generate-sources @ components-google-definition <<<
[INFO] 
[INFO] --- maven-source-plugin:3.0.1:jar (attach-sources) @ components-google-definition ---
[INFO] Building jar: C:\Users\ychen\my_components\components-google\components-google-definition\target\components-google-definition-0.1.0-SNAPSHOT-sources.jar
[INFO] 
[INFO] --- maven-javadoc-plugin:2.10.4:jar (attach-javadoc) @ components-google-definition ---
[INFO] 
Loading source files for package org.talend.components.google...
Loading source files for package org.talend.components.google.runtime.reader...
Loading source files for package org.talend.components.google.tgooglefusiontableinput...
Constructing Javadoc information...
Standard Doclet version 1.8.0_45
Building tree for all the packages and classes...
Generating C:\Users\ychen\my_components\components-google\components-google-definition\target\apidocs\org\talend\components\google\GoogleFusionTableDefinition.html...
Generating C:\Users\ychen\my_components\components-google\components-google-definition\target\apidocs\org\talend\components\google\GoogleFusionTableFamilyDefinition.html...
Generating C:\Users\ychen\my_components\components-google\components-google-definition\target\apidocs\org\talend\components\google\RuntimeInfoProvider.html...
Generating C:\Users\ychen\my_components\components-google\components-google-definition\target\apidocs\org\talend\components\google\StringDelimiter.html...
Generating C:\Users\ychen\my_components\components-google\components-google-definition\target\apidocs\org\talend\components\google\runtime\reader\SchemaDiscovery.html...
Generating C:\Users\ychen\my_components\components-google\components-google-definition\target\apidocs\org\talend\components\google\tgooglefusiontableinput\TGoogleFusionTableInputDefinition.html...
Generating C:\Users\ychen\my_components\components-google\components-google-definition\target\apidocs\org\talend\components\google\tgooglefusiontableinput\TGoogleFusionTableInputProperties.html...
Generating C:\Users\ychen\my_components\components-google\components-google-definition\target\apidocs\org\talend\components\google\tgooglefusiontableinput\TGoogleFusionTableInputProperties.QueryMode.html...
Generating C:\Users\ychen\my_components\components-google\components-google-definition\target\apidocs\overview-frame.html...
Generating C:\Users\ychen\my_components\components-google\components-google-definition\target\apidocs\org\talend\components\google\package-frame.html...
Generating C:\Users\ychen\my_components\components-google\components-google-definition\target\apidocs\org\talend\components\google\package-summary.html...
Generating C:\Users\ychen\my_components\components-google\components-google-definition\target\apidocs\org\talend\components\google\package-tree.html...
Generating C:\Users\ychen\my_components\components-google\components-google-definition\target\apidocs\org\talend\components\google\runtime\reader\package-frame.html...
Generating C:\Users\ychen\my_components\components-google\components-google-definition\target\apidocs\org\talend\components\google\runtime\reader\package-summary.html...
Generating C:\Users\ychen\my_components\components-google\components-google-definition\target\apidocs\org\talend\components\google\runtime\reader\package-tree.html...
Generating C:\Users\ychen\my_components\components-google\components-google-definition\target\apidocs\org\talend\components\google\tgooglefusiontableinput\package-frame.html...
Generating C:\Users\ychen\my_components\components-google\components-google-definition\target\apidocs\org\talend\components\google\tgooglefusiontableinput\package-summary.html...
Generating C:\Users\ychen\my_components\components-google\components-google-definition\target\apidocs\org\talend\components\google\tgooglefusiontableinput\package-tree.html...
Generating C:\Users\ychen\my_components\components-google\components-google-definition\target\apidocs\constant-values.html...
Generating C:\Users\ychen\my_components\components-google\components-google-definition\target\apidocs\serialized-form.html...
Generating C:\Users\ychen\my_components\components-google\components-google-definition\target\apidocs\org\talend\components\google\class-use\StringDelimiter.html...
Generating C:\Users\ychen\my_components\components-google\components-google-definition\target\apidocs\org\talend\components\google\class-use\RuntimeInfoProvider.html...
Generating C:\Users\ychen\my_components\components-google\components-google-definition\target\apidocs\org\talend\components\google\class-use\GoogleFusionTableFamilyDefinition.html...
Generating C:\Users\ychen\my_components\components-google\components-google-definition\target\apidocs\org\talend\components\google\class-use\GoogleFusionTableDefinition.html...
Generating C:\Users\ychen\my_components\components-google\components-google-definition\target\apidocs\org\talend\components\google\runtime\reader\class-use\SchemaDiscovery.html...
Generating C:\Users\ychen\my_components\components-google\components-google-definition\target\apidocs\org\talend\components\google\tgooglefusiontableinput\class-use\TGoogleFusionTableInputProperties.html...
Generating C:\Users\ychen\my_components\components-google\components-google-definition\target\apidocs\org\talend\components\google\tgooglefusiontableinput\class-use\TGoogleFusionTableInputProperties.QueryMode.html...
Generating C:\Users\ychen\my_components\components-google\components-google-definition\target\apidocs\org\talend\components\google\tgooglefusiontableinput\class-use\TGoogleFusionTableInputDefinition.html...
Generating C:\Users\ychen\my_components\components-google\components-google-definition\target\apidocs\org\talend\components\google\package-use.html...
Generating C:\Users\ychen\my_components\components-google\components-google-definition\target\apidocs\org\talend\components\google\runtime\reader\package-use.html...
Generating C:\Users\ychen\my_components\components-google\components-google-definition\target\apidocs\org\talend\components\google\tgooglefusiontableinput\package-use.html...
Building index for all the packages and classes...
Generating C:\Users\ychen\my_components\components-google\components-google-definition\target\apidocs\overview-tree.html...
Generating C:\Users\ychen\my_components\components-google\components-google-definition\target\apidocs\index-all.html...
Generating C:\Users\ychen\my_components\components-google\components-google-definition\target\apidocs\deprecated-list.html...
Building index for all classes...
Generating C:\Users\ychen\my_components\components-google\components-google-definition\target\apidocs\allclasses-frame.html...
Generating C:\Users\ychen\my_components\components-google\components-google-definition\target\apidocs\allclasses-noframe.html...
Generating C:\Users\ychen\my_components\components-google\components-google-definition\target\apidocs\index.html...
Generating C:\Users\ychen\my_components\components-google\components-google-definition\target\apidocs\overview-summary.html...
Generating C:\Users\ychen\my_components\components-google\components-google-definition\target\apidocs\help-doc.html...
3 errors
4 warnings
[ERROR] MavenReportException: Error while generating Javadoc: 
Exit code: 1 - C:\Users\ychen\my_components\components-google\components-google-definition\src\main\java\org\talend\components\google\runtime\reader\SchemaDiscovery.java:32: warning: no description for @throws
     * @throws IOException
       ^
C:\Users\ychen\my_components\components-google\components-google-definition\src\main\java\org\talend\components\google\tgooglefusiontableinput\TGoogleFusionTableInputDefinition.java:53: error: unknown tag: Override
   /** @Override
       ^
C:\Users\ychen\my_components\components-google\components-google-definition\src\main\java\org\talend\components\google\tgooglefusiontableinput\TGoogleFusionTableInputProperties.java:144: error: reference not found
     * Sets UI elements layout on the form {@link Form#addRow()} sets new
                                                  ^
C:\Users\ychen\my_components\components-google\components-google-definition\src\main\java\org\talend\components\google\tgooglefusiontableinput\TGoogleFusionTableInputProperties.java:145: error: reference not found
     * element under previous one {@link Form#addColumn()} sets new element to
                                         ^
C:\Users\ychen\my_components\components-google\components-google-definition\src\main\java\org\talend\components\google\tgooglefusiontableinput\TGoogleFusionTableInputProperties.java:197: warning: no @return
    public ValidationResult afterClientSecret() {
                            ^
C:\Users\ychen\my_components\components-google\components-google-definition\src\main\java\org\talend\components\google\tgooglefusiontableinput\TGoogleFusionTableInputProperties.java:152: warning - Tag @link: can't find addRow() in org.talend.daikon.properties.presentation.Form
C:\Users\ychen\my_components\components-google\components-google-definition\src\main\java\org\talend\components\google\tgooglefusiontableinput\TGoogleFusionTableInputProperties.java:152: warning - Tag @link: can't find addColumn() in org.talend.daikon.properties.presentation.Form

Command line was: "C:\Program Files\Java\jdk1.8.0_45\jre\..\bin\javadoc.exe" @options @packages

Refer to the generated Javadoc files in 'C:\Users\ychen\my_components\components-google\components-google-definition\target\apidocs' dir.

org.apache.maven.reporting.MavenReportException: 
Exit code: 1 - C:\Users\ychen\my_components\components-google\components-google-definition\src\main\java\org\talend\components\google\runtime\reader\SchemaDiscovery.java:32: warning: no description for @throws
     * @throws IOException
       ^
C:\Users\ychen\my_components\components-google\components-google-definition\src\main\java\org\talend\components\google\tgooglefusiontableinput\TGoogleFusionTableInputDefinition.java:53: error: unknown tag: Override
   /** @Override
       ^
C:\Users\ychen\my_components\components-google\components-google-definition\src\main\java\org\talend\components\google\tgooglefusiontableinput\TGoogleFusionTableInputProperties.java:144: error: reference not found
     * Sets UI elements layout on the form {@link Form#addRow()} sets new
                                                  ^
C:\Users\ychen\my_components\components-google\components-google-definition\src\main\java\org\talend\components\google\tgooglefusiontableinput\TGoogleFusionTableInputProperties.java:145: error: reference not found
     * element under previous one {@link Form#addColumn()} sets new element to
                                         ^
C:\Users\ychen\my_components\components-google\components-google-definition\src\main\java\org\talend\components\google\tgooglefusiontableinput\TGoogleFusionTableInputProperties.java:197: warning: no @return
    public ValidationResult afterClientSecret() {
                            ^
C:\Users\ychen\my_components\components-google\components-google-definition\src\main\java\org\talend\components\google\tgooglefusiontableinput\TGoogleFusionTableInputProperties.java:152: warning - Tag @link: can't find addRow() in org.talend.daikon.properties.presentation.Form
C:\Users\ychen\my_components\components-google\components-google-definition\src\main\java\org\talend\components\google\tgooglefusiontableinput\TGoogleFusionTableInputProperties.java:152: warning - Tag @link: can't find addColumn() in org.talend.daikon.properties.presentation.Form

Command line was: "C:\Program Files\Java\jdk1.8.0_45\jre\..\bin\javadoc.exe" @options @packages

Refer to the generated Javadoc files in 'C:\Users\ychen\my_components\components-google\components-google-definition\target\apidocs' dir.

	at org.apache.maven.plugin.javadoc.AbstractJavadocMojo.executeJavadocCommandLine(AbstractJavadocMojo.java:5188)
	at org.apache.maven.plugin.javadoc.AbstractJavadocMojo.executeReport(AbstractJavadocMojo.java:2075)
	at org.apache.maven.plugin.javadoc.JavadocJar.execute(JavadocJar.java:188)
	at org.apache.maven.plugin.DefaultBuildPluginManager.executeMojo(DefaultBuildPluginManager.java:134)
	at org.apache.maven.lifecycle.internal.MojoExecutor.execute(MojoExecutor.java:208)
	at org.apache.maven.lifecycle.internal.MojoExecutor.execute(MojoExecutor.java:153)
	at org.apache.maven.lifecycle.internal.MojoExecutor.execute(MojoExecutor.java:145)
	at org.apache.maven.lifecycle.internal.LifecycleModuleBuilder.buildProject(LifecycleModuleBuilder.java:116)
	at org.apache.maven.lifecycle.internal.LifecycleModuleBuilder.buildProject(LifecycleModuleBuilder.java:80)
	at org.apache.maven.lifecycle.internal.builder.singlethreaded.SingleThreadedBuilder.build(SingleThreadedBuilder.java:51)
	at org.apache.maven.lifecycle.internal.LifecycleStarter.execute(LifecycleStarter.java:128)
	at org.apache.maven.DefaultMaven.doExecute(DefaultMaven.java:307)
	at org.apache.maven.DefaultMaven.doExecute(DefaultMaven.java:193)
	at org.apache.maven.DefaultMaven.execute(DefaultMaven.java:106)
	at org.apache.maven.cli.MavenCli.execute(MavenCli.java:862)
	at org.apache.maven.cli.MavenCli.doMain(MavenCli.java:286)
	at org.apache.maven.cli.MavenCli.main(MavenCli.java:197)
	at sun.reflect.NativeMethodAccessorImpl.invoke0(Native Method)
	at sun.reflect.NativeMethodAccessorImpl.invoke(NativeMethodAccessorImpl.java:62)
	at sun.reflect.DelegatingMethodAccessorImpl.invoke(DelegatingMethodAccessorImpl.java:43)
	at java.lang.reflect.Method.invoke(Method.java:497)
	at org.codehaus.plexus.classworlds.launcher.Launcher.launchEnhanced(Launcher.java:289)
	at org.codehaus.plexus.classworlds.launcher.Launcher.launch(Launcher.java:229)
	at org.codehaus.plexus.classworlds.launcher.Launcher.mainWithExitCode(Launcher.java:415)
	at org.codehaus.plexus.classworlds.launcher.Launcher.main(Launcher.java:356)
[INFO] Building jar: C:\Users\ychen\my_components\components-google\components-google-definition\target\components-google-definition-0.1.0-SNAPSHOT-javadoc.jar
[INFO] 
[INFO] --- maven-bundle-plugin:3.0.1:bundle (osgi-bundle) @ components-google-definition ---
[INFO] 
[INFO] --- alta-maven-plugin:0.4.2-Talend:generate-test-resources (default) @ components-google-definition ---
[INFO] 
[INFO] --- maven-failsafe-plugin:2.18:integration-test (default) @ components-google-definition ---
[INFO] Failsafe report directory: C:\Users\ychen\my_components\components-google\components-google-definition\target\failsafe-reports

-------------------------------------------------------
 T E S T S
-------------------------------------------------------
 INFO [main] (DefaultExamSystem.java:127) - Pax Exam System (Version: 4.9.1) created.
 INFO [main] (ProbeRunner.java:74) - creating PaxExam runner for class org.talend.components.google.OsgiTGoogleFusionTableInputTestIT
 INFO [main] (AbstractTestContextBootstrapper.java:319) - Neither @ContextConfiguration nor @ContextHierarchy found for test class [org.talend.components.google.SpringTGoogleFusionTableInputTestIT], using SpringBootContextLoader
 INFO [main] (AbstractContextLoader.java:264) - Could not detect default resource locations for test class [org.talend.components.google.SpringTGoogleFusionTableInputTestIT]: no resource found for suffixes {-context.xml, Context.groovy}.
 INFO [main] (AbstractTestContextBootstrapper.java:260) - Loaded default TestExecutionListener class names from location [META-INF/spring.factories]: [org.springframework.boot.test.mock.mockito.MockitoTestExecutionListener, org.springframework.boot.test.mock.mockito.ResetMocksTestExecutionListener, org.springframework.boot.test.autoconfigure.restdocs.RestDocsTestExecutionListener, org.springframework.boot.test.autoconfigure.web.client.MockRestServiceServerResetTestExecutionListener, org.springframework.boot.test.autoconfigure.web.servlet.MockMvcPrintOnlyOnFailureTestExecutionListener, org.springframework.boot.test.autoconfigure.web.servlet.WebDriverTestExecutionListener, org.springframework.test.context.web.ServletTestExecutionListener, org.springframework.test.context.support.DirtiesContextBeforeModesTestExecutionListener, org.springframework.test.context.support.DependencyInjectionTestExecutionListener, org.springframework.test.context.support.DirtiesContextTestExecutionListener, org.springframework.test.context.transaction.TransactionalTestExecutionListener, org.springframework.test.context.jdbc.SqlScriptsTestExecutionListener]
 INFO [main] (AbstractTestContextBootstrapper.java:209) - Could not instantiate TestExecutionListener [org.springframework.test.context.jdbc.SqlScriptsTestExecutionListener]. Specify custom listener classes or make the default listener classes (and their required dependencies) available. Offending class: [org/springframework/transaction/interceptor/TransactionAttribute]
 INFO [main] (AbstractTestContextBootstrapper.java:209) - Could not instantiate TestExecutionListener [org.springframework.test.context.transaction.TransactionalTestExecutionListener]. Specify custom listener classes or make the default listener classes (and their required dependencies) available. Offending class: [org/springframework/transaction/interceptor/TransactionAttributeSource]
 INFO [main] (AbstractTestContextBootstrapper.java:187) - Using TestExecutionListeners: [org.springframework.test.context.web.ServletTestExecutionListener@17690e14, org.springframework.test.context.support.DirtiesContextBeforeModesTestExecutionListener@6850b758, org.springframework.boot.test.autoconfigure.SpringBootDependencyInjectionTestExecutionListener@2a2ef072, org.springframework.test.context.support.DirtiesContextTestExecutionListener@704641e3, org.springframework.boot.test.autoconfigure.web.client.MockRestServiceServerResetTestExecutionListener@2f00f851, org.springframework.boot.test.mock.mockito.MockitoTestExecutionListener@4207609e, org.springframework.boot.test.autoconfigure.restdocs.RestDocsTestExecutionListener@1f77b5cc, org.springframework.boot.test.autoconfigure.web.servlet.WebDriverTestExecutionListener@5d7ca698, org.springframework.boot.test.mock.mockito.ResetMocksTestExecutionListener@75961f16, org.springframework.boot.test.autoconfigure.web.servlet.MockMvcPrintOnlyOnFailureTestExecutionListener@c6c82aa]
Running org.talend.components.google.OsgiTGoogleFusionTableInputTestIT
 INFO [main] (ProbeRunner.java:74) - creating PaxExam runner for class org.talend.components.google.OsgiTGoogleFusionTableInputTestIT
 INFO [main] (ProbeRunner.java:94) - running test class org.talend.components.google.OsgiTGoogleFusionTableInputTestIT
 INFO [main] (DefaultJavaRunner.java:141) - DefaultJavaRunner completed successfully

 WARN [main] (MavenConfigurationImpl.java:177) - Settings file [C:\Users\ychen\my_components\components-google\components-google-definition/settings.xml] cannot be used and will be skipped (malformed url or file does not exist)
 WARN [main] (MavenConfigurationImpl.java:177) - Settings file [C:\Users\ychen\my_components\components-google\components-google-definition/settings.xml] cannot be used and will be skipped (malformed url or file does not exist)
 WARN [main] (MavenConfigurationImpl.java:177) - Settings file [C:\Users\ychen\my_components\components-google\components-google-definition/settings.xml] cannot be used and will be skipped (malformed url or file does not exist)
 WARN [main] (MavenConfigurationImpl.java:177) - Settings file [C:\Users\ychen\my_components\components-google\components-google-definition/settings.xml] cannot be used and will be skipped (malformed url or file does not exist)
 WARN [main] (MavenConfigurationImpl.java:177) - Settings file [C:\Users\ychen\my_components\components-google\components-google-definition/settings.xml] cannot be used and will be skipped (malformed url or file does not exist)
 WARN [main] (MavenConfigurationImpl.java:177) - Settings file [C:\Users\ychen\my_components\components-google\components-google-definition/settings.xml] cannot be used and will be skipped (malformed url or file does not exist)
 WARN [main] (MavenConfigurationImpl.java:177) - Settings file [C:\Users\ychen\my_components\components-google\components-google-definition/settings.xml] cannot be used and will be skipped (malformed url or file does not exist)
 WARN [main] (MavenConfigurationImpl.java:177) - Settings file [C:\Users\ychen\my_components\components-google\components-google-definition/settings.xml] cannot be used and will be skipped (malformed url or file does not exist)
 WARN [main] (MavenConfigurationImpl.java:177) - Settings file [C:\Users\ychen\my_components\components-google\components-google-definition/settings.xml] cannot be used and will be skipped (malformed url or file does not exist)
 WARN [main] (MavenConfigurationImpl.java:177) - Settings file [C:\Users\ychen\my_components\components-google\components-google-definition/settings.xml] cannot be used and will be skipped (malformed url or file does not exist)
 WARN [main] (MavenConfigurationImpl.java:177) - Settings file [C:\Users\ychen\my_components\components-google\components-google-definition/settings.xml] cannot be used and will be skipped (malformed url or file does not exist)
 WARN [main] (MavenConfigurationImpl.java:177) - Settings file [C:\Users\ychen\my_components\components-google\components-google-definition/settings.xml] cannot be used and will be skipped (malformed url or file does not exist)
 WARN [main] (MavenConfigurationImpl.java:177) - Settings file [C:\Users\ychen\my_components\components-google\components-google-definition/settings.xml] cannot be used and will be skipped (malformed url or file does not exist)
 WARN [main] (MavenConfigurationImpl.java:177) - Settings file [C:\Users\ychen\my_components\components-google\components-google-definition/settings.xml] cannot be used and will be skipped (malformed url or file does not exist)
 WARN [main] (MavenConfigurationImpl.java:177) - Settings file [C:\Users\ychen\my_components\components-google\components-google-definition/settings.xml] cannot be used and will be skipped (malformed url or file does not exist)
 WARN [main] (MavenConfigurationImpl.java:177) - Settings file [C:\Users\ychen\my_components\components-google\components-google-definition/settings.xml] cannot be used and will be skipped (malformed url or file does not exist)
 WARN [main] (MavenConfigurationImpl.java:177) - Settings file [C:\Users\ychen\my_components\components-google\components-google-definition/settings.xml] cannot be used and will be skipped (malformed url or file does not exist)
 WARN [main] (MavenConfigurationImpl.java:177) - Settings file [C:\Users\ychen\my_components\components-google\components-google-definition/settings.xml] cannot be used and will be skipped (malformed url or file does not exist)
 WARN [main] (MavenConfigurationImpl.java:177) - Settings file [C:\Users\ychen\my_components\components-google\components-google-definition/settings.xml] cannot be used and will be skipped (malformed url or file does not exist)
 WARN [main] (MavenConfigurationImpl.java:177) - Settings file [C:\Users\ychen\my_components\components-google\components-google-definition/settings.xml] cannot be used and will be skipped (malformed url or file does not exist)
org.ops4j.pax.logging.pax-logging-api[org.ops4j.pax.logging.internal.Activator] : Enabling SLF4J API support.
org.ops4j.pax.logging.pax-logging-api[org.ops4j.pax.logging.internal.Activator] : Enabling Jakarta Commons Logging API support.
org.ops4j.pax.logging.pax-logging-api[org.ops4j.pax.logging.internal.Activator] : Enabling Log4J API support.
org.ops4j.pax.logging.pax-logging-api[org.ops4j.pax.logging.internal.Activator] : Enabling Avalon Logger API support.
org.ops4j.pax.logging.pax-logging-api[org.ops4j.pax.logging.internal.Activator] : Enabling JULI Logger API support.
[RMI TCP Connection(1)-169.254.163.55] INFO org.ops4j.pax.exam.invoker.junit.internal.ContainerTestRunner - running testComponentHasBeenRegistered in reactor
[RMI TCP Connection(1)-169.254.163.55] INFO org.talend.components.api.service.internal.osgi.DefinitionRegistryOsgi - Registered the component: installer$$GoogleFusionTable(org.talend.components.google.GoogleFusionTableFamilyDefinition)
[RMI TCP Connection(1)-169.254.163.55] INFO org.talend.components.api.service.common.DefinitionRegistry - Talend Definition registered :tGoogleFusionTableInput
[RMI TCP Connection(1)-169.254.163.55] INFO org.ops4j.pax.exam.invoker.junit.internal.ContainerTestRunner - running testAlli18n in reactor
[RMI TCP Connection(1)-169.254.163.55] INFO org.talend.daikon.properties.test.PropertiesTestUtils - Checking: org.talend.components.google.tgooglefusiontableinput.TGoogleFusionTableInputProperties
org.ops4j.pax.logging.pax-logging-api[org.ops4j.pax.logging.internal.Activator] : Disabling SLF4J API support.
org.ops4j.pax.logging.pax-logging-api[org.ops4j.pax.logging.internal.Activator] : Disabling Jakarta Commons Logging API support.
org.ops4j.pax.logging.pax-logging-api[org.ops4j.pax.logging.internal.Activator] : Disabling Log4J API support.
org.ops4j.pax.logging.pax-logging-api[org.ops4j.pax.logging.internal.Activator] : Disabling Avalon Logger API support.
org.ops4j.pax.logging.pax-logging-api[org.ops4j.pax.logging.internal.Activator] : Disabling JULI Logger API support.

 INFO [main] (DefaultJavaRunner.java:178) - Platform has been shutdown.
 INFO [main] (ReactorManager.java:435) - suite finished
Tests run: 3, Failures: 0, Errors: 0, Skipped: 1, Time elapsed: 5.744 sec - in org.talend.components.google.OsgiTGoogleFusionTableInputTestIT
Running org.talend.components.google.SpringTGoogleFusionTableInputTestIT
 INFO [main] (AbstractTestContextBootstrapper.java:319) - Neither @ContextConfiguration nor @ContextHierarchy found for test class [org.talend.components.google.SpringTGoogleFusionTableInputTestIT], using SpringBootContextLoader
 INFO [main] (AbstractContextLoader.java:264) - Could not detect default resource locations for test class [org.talend.components.google.SpringTGoogleFusionTableInputTestIT]: no resource found for suffixes {-context.xml, Context.groovy}.
 INFO [main] (AbstractTestContextBootstrapper.java:260) - Loaded default TestExecutionListener class names from location [META-INF/spring.factories]: [org.springframework.boot.test.mock.mockito.MockitoTestExecutionListener, org.springframework.boot.test.mock.mockito.ResetMocksTestExecutionListener, org.springframework.boot.test.autoconfigure.restdocs.RestDocsTestExecutionListener, org.springframework.boot.test.autoconfigure.web.client.MockRestServiceServerResetTestExecutionListener, org.springframework.boot.test.autoconfigure.web.servlet.MockMvcPrintOnlyOnFailureTestExecutionListener, org.springframework.boot.test.autoconfigure.web.servlet.WebDriverTestExecutionListener, org.springframework.test.context.web.ServletTestExecutionListener, org.springframework.test.context.support.DirtiesContextBeforeModesTestExecutionListener, org.springframework.test.context.support.DependencyInjectionTestExecutionListener, org.springframework.test.context.support.DirtiesContextTestExecutionListener, org.springframework.test.context.transaction.TransactionalTestExecutionListener, org.springframework.test.context.jdbc.SqlScriptsTestExecutionListener]
 INFO [main] (AbstractTestContextBootstrapper.java:209) - Could not instantiate TestExecutionListener [org.springframework.test.context.jdbc.SqlScriptsTestExecutionListener]. Specify custom listener classes or make the default listener classes (and their required dependencies) available. Offending class: [org/springframework/transaction/interceptor/TransactionAttribute]
 INFO [main] (AbstractTestContextBootstrapper.java:209) - Could not instantiate TestExecutionListener [org.springframework.test.context.transaction.TransactionalTestExecutionListener]. Specify custom listener classes or make the default listener classes (and their required dependencies) available. Offending class: [org/springframework/transaction/interceptor/TransactionAttributeSource]
 INFO [main] (AbstractTestContextBootstrapper.java:187) - Using TestExecutionListeners: [org.springframework.test.context.web.ServletTestExecutionListener@2cd52eda, org.springframework.test.context.support.DirtiesContextBeforeModesTestExecutionListener@6c225adb, org.springframework.boot.test.autoconfigure.SpringBootDependencyInjectionTestExecutionListener@69cc49ec, org.springframework.test.context.support.DirtiesContextTestExecutionListener@6b71e98f, org.springframework.boot.test.autoconfigure.web.client.MockRestServiceServerResetTestExecutionListener@6ed7b9c5, org.springframework.boot.test.mock.mockito.MockitoTestExecutionListener@105dc246, org.springframework.boot.test.autoconfigure.restdocs.RestDocsTestExecutionListener@1b556a88, org.springframework.boot.test.autoconfigure.web.servlet.WebDriverTestExecutionListener@7f8cd5fc, org.springframework.boot.test.mock.mockito.ResetMocksTestExecutionListener@2c465259, org.springframework.boot.test.autoconfigure.web.servlet.MockMvcPrintOnlyOnFailureTestExecutionListener@52f7fa65]
 INFO [main] (AbstractApplicationContext.java:581) - Refreshing org.springframework.context.annotation.AnnotationConfigApplicationContext@2b68c59b: startup date [Mon Jul 03 16:58:07 CEST 2017]; root of context hierarchy
 INFO [main] (AutowiredAnnotationBeanPostProcessor.java:155) - JSR-330 'javax.inject.Inject' annotation found and supported for autowiring
 INFO [main] (PostProcessorRegistrationDelegate.java:328) - Bean 'configurationPropertiesRebinderAutoConfiguration' of type [class org.springframework.cloud.autoconfigure.ConfigurationPropertiesRebinderAutoConfiguration$$EnhancerBySpringCGLIB$$45aa2912] is not eligible for getting processed by all BeanPostProcessors (for example: not eligible for auto-proxying)
 INFO [background-preinit] (Version.java:30) - HV000001: Hibernate Validator 5.3.4.Final

  .   ____          _            __ _ _
 /\\ / ___'_ __ _ _(_)_ __  __ _ \ \ \ \
( ( )\___ | '_ | '_| | '_ \/ _` | \ \ \ \
 \\/  ___)| |_)| | | | | || (_| |  ) ) ) )
  '  |____| .__|_| |_|_| |_\__, | / / / /
 =========|_|==============|___/=/_/_/_/
 :: Spring Boot ::        (v1.5.1.RELEASE)

 INFO [main] (SpringApplication.java:637) - No active profile set, falling back to default profiles: default
 INFO [main] (AbstractApplicationContext.java:581) - Refreshing org.springframework.web.context.support.GenericWebApplicationContext@14e9458a: startup date [Mon Jul 03 16:58:09 CEST 2017]; parent: org.springframework.context.annotation.AnnotationConfigApplicationContext@2b68c59b
 INFO [main] (DefaultListableBeanFactory.java:818) - Overriding bean definition for bean 'retryTemplate' with a different definition: replacing [Root bean: class [null]; scope=; abstract=false; lazyInit=false; autowireMode=3; dependencyCheck=0; autowireCandidate=true; primary=false; factoryBeanName=org.springframework.cloud.client.loadbalancer.LoadBalancerAutoConfiguration$RetryAutoConfiguration; factoryMethodName=retryTemplate; initMethodName=null; destroyMethodName=(inferred); defined in class path resource [org/springframework/cloud/client/loadbalancer/LoadBalancerAutoConfiguration$RetryAutoConfiguration.class]] with [Root bean: class [null]; scope=; abstract=false; lazyInit=false; autowireMode=3; dependencyCheck=0; autowireCandidate=true; primary=false; factoryBeanName=org.springframework.cloud.netflix.feign.ribbon.FeignRibbonClientAutoConfiguration; factoryMethodName=retryTemplate; initMethodName=null; destroyMethodName=(inferred); defined in class path resource [org/springframework/cloud/netflix/feign/ribbon/FeignRibbonClientAutoConfiguration.class]]
 WARN [main] (ConfigurationClassPostProcessor.java:389) - Cannot enhance @Configuration bean definition 'refreshScope' since its singleton instance has been created too early. The typical cause is a non-static @Bean method with a BeanDefinitionRegistryPostProcessor return type: Consider declaring such methods as 'static'.
 INFO [main] (GenericScope.java:263) - BeanFactory id=7c18e882-9aeb-3047-8712-063fbb0addda
 INFO [main] (AutowiredAnnotationBeanPostProcessor.java:155) - JSR-330 'javax.inject.Inject' annotation found and supported for autowiring
 INFO [main] (PostProcessorRegistrationDelegate.java:328) - Bean 'org.springframework.boot.autoconfigure.validation.ValidationAutoConfiguration' of type [class org.springframework.boot.autoconfigure.validation.ValidationAutoConfiguration] is not eligible for getting processed by all BeanPostProcessors (for example: not eligible for auto-proxying)
 INFO [main] (PostProcessorRegistrationDelegate.java:328) - Bean 'validator' of type [class org.springframework.validation.beanvalidation.LocalValidatorFactoryBean] is not eligible for getting processed by all BeanPostProcessors (for example: not eligible for auto-proxying)
 INFO [main] (PostProcessorRegistrationDelegate.java:328) - Bean 'localServiceFinder' of type [class org.talend.daikon.client.configuration.LocalServiceFinder] is not eligible for getting processed by all BeanPostProcessors (for example: not eligible for auto-proxying)
 INFO [main] (PostProcessorRegistrationDelegate.java:328) - Bean 'remoteServiceFinder' of type [class org.talend.daikon.client.configuration.RemoteServiceFinder] is not eligible for getting processed by all BeanPostProcessors (for example: not eligible for auto-proxying)
 INFO [main] (PostProcessorRegistrationDelegate.java:328) - Bean 'clientServiceConfiguration' of type [class org.talend.daikon.client.configuration.ClientServiceConfiguration$$EnhancerBySpringCGLIB$$871c9839] is not eligible for getting processed by all BeanPostProcessors (for example: not eligible for auto-proxying)
 INFO [main] (PostProcessorRegistrationDelegate.java:328) - Bean 'clientService' of type [class org.talend.daikon.client.ClientService] is not eligible for getting processed by all BeanPostProcessors (for example: not eligible for auto-proxying)
 INFO [main] (PostProcessorRegistrationDelegate.java:328) - Bean 'org.springframework.cloud.autoconfigure.ConfigurationPropertiesRebinderAutoConfiguration' of type [class org.springframework.cloud.autoconfigure.ConfigurationPropertiesRebinderAutoConfiguration$$EnhancerBySpringCGLIB$$45aa2912] is not eligible for getting processed by all BeanPostProcessors (for example: not eligible for auto-proxying)
 INFO [main] (I18NSetup.java:40) - Activated i18n messages (org.talend.components.service.rest.i18n.I18nMessageProviderSpring@71e70f8d).
 INFO [main] (DefinitionRegistry.java:133) - Talend Definition registered :tGoogleFusionTableInput
 INFO [main] (RequestMappingHandlerAdapter.java:534) - Looking for @ControllerAdvice: org.springframework.web.context.support.GenericWebApplicationContext@14e9458a: startup date [Mon Jul 03 16:58:09 CEST 2017]; parent: org.springframework.context.annotation.AnnotationConfigApplicationContext@2b68c59b
 INFO [main] (RequestMappingHandlerAdapter.java:554) - Detected @InitBinder methods in controllersConfiguration
 INFO [main] (AbstractHandlerMethodMapping.java:543) - Mapped "{[/properties/{definitionName}],methods=[GET],produces=[application/json;charset=UTF-8]}" onto public java.lang.String org.talend.components.service.rest.impl.PropertiesControllerImpl.getProperties(java.lang.String,java.lang.String)
 INFO [main] (AbstractHandlerMethodMapping.java:543) - Mapped "{[/properties/{definitionName}/icon/{imageType}],methods=[GET],produces=[image/png || image/svg+xml]}" onto public org.springframework.http.ResponseEntity<org.springframework.core.io.InputStreamResource> org.talend.components.service.rest.impl.PropertiesControllerImpl.getIcon(java.lang.String,org.talend.daikon.definition.DefinitionImageType)
 INFO [main] (AbstractHandlerMethodMapping.java:543) - Mapped "{[/properties/{definitionName}/connectors],methods=[GET],produces=[application/json;charset=UTF-8]}" onto public org.springframework.http.ResponseEntity<java.util.List<org.talend.components.service.rest.dto.ConnectorDto>> org.talend.components.service.rest.impl.PropertiesControllerImpl.getConnectors(java.lang.String)
 INFO [main] (AbstractHandlerMethodMapping.java:543) - Mapped "{[/properties/{definitionName}/validate],methods=[POST],consumes=[application/json;charset=UTF-8]}" onto public org.springframework.http.ResponseEntity<org.talend.components.service.rest.dto.ValidationResultsDto> org.talend.components.service.rest.impl.PropertiesControllerImpl.validateProperties(org.talend.components.service.rest.dto.PropertiesDto)
 INFO [main] (AbstractHandlerMethodMapping.java:543) - Mapped "{[/properties/{definition}/{trigger}/{property}],methods=[POST],consumes=[application/json;charset=UTF-8],produces=[application/json;charset=UTF-8]}" onto public org.springframework.http.ResponseEntity<java.lang.String> org.talend.components.service.rest.impl.PropertiesControllerImpl.triggerOnProperty(java.lang.String,org.talend.daikon.serialize.jsonschema.PropertyTrigger,java.lang.String,java.lang.String,org.talend.components.service.rest.dto.PropertiesDto)
 INFO [main] (AbstractHandlerMethodMapping.java:543) - Mapped "{[/properties/{definitionName}/dataset],methods=[POST],consumes=[application/json;charset=UTF-8],produces=[application/json;charset=UTF-8]}" onto public java.lang.String org.talend.components.service.rest.impl.PropertiesControllerImpl.getDatasetProperties(java.lang.String,java.lang.String,org.talend.components.service.rest.dto.PropertiesDto)
 INFO [main] (AbstractHandlerMethodMapping.java:543) - Mapped "{[/components/properties/{propName}/validate],methods=[POST],produces=[application/json]}" onto public org.talend.daikon.properties.Properties org.talend.components.service.rest.impl.ComponentControllerImpl.validateProperty(java.lang.String,org.talend.daikon.properties.Properties) throws java.lang.Throwable
 INFO [main] (AbstractHandlerMethodMapping.java:543) - Mapped "{[/components/properties/{propName}/after],methods=[POST],produces=[application/json]}" onto public org.talend.daikon.properties.Properties org.talend.components.service.rest.impl.ComponentControllerImpl.afterProperty(java.lang.String,org.talend.daikon.properties.Properties) throws java.lang.Throwable
 INFO [main] (AbstractHandlerMethodMapping.java:543) - Mapped "{[/components/properties/afterFormBack/{formName}],methods=[POST],produces=[application/json]}" onto public org.talend.daikon.properties.Properties org.talend.components.service.rest.impl.ComponentControllerImpl.afterFormBack(java.lang.String,org.talend.daikon.properties.Properties) throws java.lang.Throwable
 INFO [main] (AbstractHandlerMethodMapping.java:543) - Mapped "{[/components/properties/afterFormFinish/{formName}],methods=[POST],produces=[application/json]}" onto public org.talend.daikon.properties.Properties org.talend.components.service.rest.impl.ComponentControllerImpl.afterFormFinish(java.lang.String,org.talend.daikon.properties.Properties) throws java.lang.Throwable
 INFO [main] (AbstractHandlerMethodMapping.java:543) - Mapped "{[/components/properties/afterFormNext/{formName}],methods=[POST],produces=[application/json]}" onto public org.talend.daikon.properties.Properties org.talend.components.service.rest.impl.ComponentControllerImpl.afterFormNext(java.lang.String,org.talend.daikon.properties.Properties) throws java.lang.Throwable
 INFO [main] (AbstractHandlerMethodMapping.java:543) - Mapped "{[/components/commitFormValues],methods=[POST],produces=[application/json]}" onto public org.talend.daikon.properties.Properties org.talend.components.service.rest.impl.ComponentControllerImpl.cancelFormValues(org.talend.daikon.properties.Properties,java.lang.String)
 INFO [main] (AbstractHandlerMethodMapping.java:543) - Mapped "{[/components/definitions],methods=[GET],produces=[application/json]}" onto public java.util.Set<org.talend.components.api.component.ComponentDefinition> org.talend.components.service.rest.impl.ComponentControllerImpl.getAllComponents()
 INFO [main] (AbstractHandlerMethodMapping.java:543) - Mapped "{[/components/properties/{propName}/beforeActivate],methods=[POST],produces=[application/json]}" onto public org.talend.daikon.properties.Properties org.talend.components.service.rest.impl.ComponentControllerImpl.beforePropertyActivate(java.lang.String,org.talend.daikon.properties.Properties) throws java.lang.Throwable
 INFO [main] (AbstractHandlerMethodMapping.java:543) - Mapped "{[/components/properties/{propName}/beforeRender],methods=[POST],produces=[application/json]}" onto public org.talend.daikon.properties.Properties org.talend.components.service.rest.impl.ComponentControllerImpl.beforePropertyPresent(java.lang.String,org.talend.daikon.properties.Properties) throws java.lang.Throwable
 INFO [main] (AbstractHandlerMethodMapping.java:543) - Mapped "{[/components/properties/{name}],methods=[GET],produces=[application/json]}" onto public org.springframework.web.servlet.mvc.method.annotation.StreamingResponseBody org.talend.components.service.rest.impl.ComponentControllerImpl.getComponentProperties(java.lang.String,java.lang.String)
 INFO [main] (AbstractHandlerMethodMapping.java:543) - Mapped "{[/components/definition/{name}],methods=[GET],produces=[application/json]}" onto public org.talend.components.api.component.ComponentDefinition org.talend.components.service.rest.impl.ComponentControllerImpl.getComponentDefinition(java.lang.String)
 INFO [main] (AbstractHandlerMethodMapping.java:543) - Mapped "{[/components/wizard/{name}/{repositoryLocation}],methods=[GET],produces=[application/json]}" onto public org.talend.components.api.wizard.ComponentWizard org.talend.components.service.rest.impl.ComponentControllerImpl.getComponentWizard(java.lang.String,java.lang.String)
 INFO [main] (AbstractHandlerMethodMapping.java:543) - Mapped "{[/components/wizardForProperties/{repositoryLocation}],methods=[POST],produces=[application/json]}" onto public java.util.List<org.talend.components.api.wizard.ComponentWizard> org.talend.components.service.rest.impl.ComponentControllerImpl.getComponentWizardsForProperties(org.talend.components.api.properties.ComponentProperties,java.lang.String)
 INFO [main] (AbstractHandlerMethodMapping.java:543) - Mapped "{[/components/possibleComponents],methods=[POST],produces=[application/json]}" onto public java.util.List<org.talend.components.api.component.ComponentDefinition> org.talend.components.service.rest.impl.ComponentControllerImpl.getPossibleComponents(org.talend.components.api.properties.ComponentProperties...) throws java.lang.Throwable
 INFO [main] (AbstractHandlerMethodMapping.java:543) - Mapped "{[/components/makeFormCancelable],methods=[POST],produces=[application/json]}" onto public org.talend.daikon.properties.Properties org.talend.components.service.rest.impl.ComponentControllerImpl.makeFormCancelable(org.talend.daikon.properties.Properties,java.lang.String)
 INFO [main] (AbstractHandlerMethodMapping.java:543) - Mapped "{[/components/properties/beforeFormPresent/{formName}],methods=[POST],produces=[application/json]}" onto public org.talend.daikon.properties.Properties org.talend.components.service.rest.impl.ComponentControllerImpl.beforeFormPresent(java.lang.String,org.talend.daikon.properties.Properties) throws java.lang.Throwable
 INFO [main] (AbstractHandlerMethodMapping.java:543) - Mapped "{[/components/names],methods=[GET],produces=[application/json]}" onto public java.util.Set<java.lang.String> org.talend.components.service.rest.impl.ComponentControllerImpl.getAllComponentNames()
 INFO [main] (AbstractHandlerMethodMapping.java:543) - Mapped "{[/components/wizards/{name}/icon/{type}],methods=[GET],produces=[image/png]}" onto public void org.talend.components.service.rest.impl.ComponentControllerImpl.getWizardImageRest(java.lang.String,org.talend.components.api.wizard.WizardImageType,javax.servlet.http.HttpServletResponse)
 INFO [main] (AbstractHandlerMethodMapping.java:543) - Mapped "{[/components/icon/{name}],methods=[GET],produces=[image/png]}" onto public void org.talend.components.service.rest.impl.ComponentControllerImpl.getComponentsImageRest(java.lang.String,org.talend.components.api.component.ComponentImageType,javax.servlet.http.HttpServletResponse)
 INFO [main] (AbstractHandlerMethodMapping.java:543) - Mapped "{[/runtimes/{datasetDefinitionName}/schema],methods=[POST],consumes=[application/json;charset=UTF-8],produces=[application/json;charset=UTF-8]}" onto public java.lang.String org.talend.components.service.rest.impl.RuntimeControllerImpl.getDatasetSchema(java.lang.String,org.talend.components.service.rest.dto.PropertiesDto) throws java.io.IOException
 INFO [main] (AbstractHandlerMethodMapping.java:543) - Mapped "{[/runtimes/{datasetDefinitionName}/data],methods=[POST],consumes=[application/json;charset=UTF-8],produces=[application/json;charset=UTF-8 || avro/json || application/x-avro-json || application/avro-json]}" onto public java.lang.Void org.talend.components.service.rest.impl.RuntimeControllerImpl.getDatasetData(java.lang.String,org.talend.components.service.rest.dto.PropertiesDto,java.lang.Integer,java.lang.Integer,java.io.OutputStream)
 INFO [main] (AbstractHandlerMethodMapping.java:543) - Mapped "{[/runtimes/{dataStoreDefinitionName}],methods=[POST],consumes=[application/json;charset=UTF-8]}" onto public org.springframework.http.ResponseEntity<org.talend.components.service.rest.dto.ValidationResultsDto> org.talend.components.service.rest.impl.RuntimeControllerImpl.validateDataStoreConnection(java.lang.String,org.talend.components.service.rest.dto.PropertiesDto)
 INFO [main] (AbstractHandlerMethodMapping.java:543) - Mapped "{[/runtimes/{datasetDefinitionName}/data],methods=[POST],consumes=[application/json;charset=UTF-8],produces=[avro/binary || application/x-avro-binary || application/avro-binary]}" onto public java.lang.Void org.talend.components.service.rest.impl.RuntimeControllerImpl.getDatasetDataAsBinary(java.lang.String,org.talend.components.service.rest.dto.PropertiesDto,java.lang.Integer,java.lang.Integer,java.io.OutputStream)
 INFO [main] (AbstractHandlerMethodMapping.java:543) - Mapped "{[/definitions/{type}],methods=[GET]}" onto public java.util.List<org.talend.components.service.rest.dto.DefinitionDTO> org.talend.components.service.rest.impl.DefinitionsControllerImpl.listDefinitions(org.talend.components.service.rest.DefinitionType,java.lang.String)
 INFO [main] (AbstractHandlerMethodMapping.java:543) - Mapped "{[/definitions/components],methods=[GET]}" onto public java.util.List<org.talend.components.service.rest.dto.DefinitionDTO> org.talend.components.service.rest.impl.DefinitionsControllerImpl.listComponentDefinitions(org.talend.components.service.rest.dto.ConnectorTypology,org.talend.components.api.component.runtime.ExecutionEngine)
 INFO [main] (AbstractHandlerMethodMapping.java:543) - Mapped "{[/docs]}" onto java.lang.String org.talend.daikon.documentation.DocumentationController.enunciateDocumentation()
 INFO [main] (AbstractHandlerMethodMapping.java:543) - Mapped "{[/error]}" onto public org.springframework.http.ResponseEntity<java.util.Map<java.lang.String, java.lang.Object>> org.springframework.boot.autoconfigure.web.BasicErrorController.error(javax.servlet.http.HttpServletRequest)
 INFO [main] (AbstractHandlerMethodMapping.java:543) - Mapped "{[/error],produces=[text/html]}" onto public org.springframework.web.servlet.ModelAndView org.springframework.boot.autoconfigure.web.BasicErrorController.errorHtml(javax.servlet.http.HttpServletRequest,javax.servlet.http.HttpServletResponse)
 INFO [main] (AbstractUrlHandlerMapping.java:354) - Mapped URL path [/webjars/**] onto handler of type [class org.springframework.web.servlet.resource.ResourceHttpRequestHandler]
 INFO [main] (AbstractUrlHandlerMapping.java:354) - Mapped URL path [/**] onto handler of type [class org.springframework.web.servlet.resource.ResourceHttpRequestHandler]
 INFO [main] (ExceptionHandlerExceptionResolver.java:273) - Detected @ExceptionHandler methods in controllersConfiguration
 INFO [main] (AbstractUrlHandlerMapping.java:354) - Mapped URL path [/**/favicon.ico] onto handler of type [class org.springframework.web.servlet.resource.ResourceHttpRequestHandler]
 INFO [main] (AbstractHandlerMethodMapping.java:543) - Mapped "{[/dump || /dump.json],methods=[GET],produces=[application/vnd.spring-boot.actuator.v1+json || application/json]}" onto public java.lang.Object org.springframework.boot.actuate.endpoint.mvc.EndpointMvcAdapter.invoke()
 INFO [main] (AbstractHandlerMethodMapping.java:543) - Mapped "{[/env/{name:.*}],methods=[GET],produces=[application/vnd.spring-boot.actuator.v1+json || application/json]}" onto public java.lang.Object org.springframework.boot.actuate.endpoint.mvc.EnvironmentMvcEndpoint.value(java.lang.String)
 INFO [main] (AbstractHandlerMethodMapping.java:543) - Mapped "{[/env || /env.json],methods=[GET],produces=[application/vnd.spring-boot.actuator.v1+json || application/json]}" onto public java.lang.Object org.springframework.boot.actuate.endpoint.mvc.EndpointMvcAdapter.invoke()
 INFO [main] (AbstractHandlerMethodMapping.java:543) - Mapped "{[/configprops || /configprops.json],methods=[GET],produces=[application/vnd.spring-boot.actuator.v1+json || application/json]}" onto public java.lang.Object org.springframework.boot.actuate.endpoint.mvc.EndpointMvcAdapter.invoke()
 INFO [main] (AbstractHandlerMethodMapping.java:543) - Mapped "{[/autoconfig || /autoconfig.json],methods=[GET],produces=[application/vnd.spring-boot.actuator.v1+json || application/json]}" onto public java.lang.Object org.springframework.boot.actuate.endpoint.mvc.EndpointMvcAdapter.invoke()
 INFO [main] (AbstractHandlerMethodMapping.java:543) - Mapped "{[/metrics/{name:.*}],methods=[GET],produces=[application/vnd.spring-boot.actuator.v1+json || application/json]}" onto public java.lang.Object org.springframework.boot.actuate.endpoint.mvc.MetricsMvcEndpoint.value(java.lang.String)
 INFO [main] (AbstractHandlerMethodMapping.java:543) - Mapped "{[/metrics || /metrics.json],methods=[GET],produces=[application/vnd.spring-boot.actuator.v1+json || application/json]}" onto public java.lang.Object org.springframework.boot.actuate.endpoint.mvc.EndpointMvcAdapter.invoke()
 INFO [main] (AbstractHandlerMethodMapping.java:543) - Mapped "{[/loggers/{name:.*}],methods=[GET],produces=[application/vnd.spring-boot.actuator.v1+json || application/json]}" onto public java.lang.Object org.springframework.boot.actuate.endpoint.mvc.LoggersMvcEndpoint.get(java.lang.String)
 INFO [main] (AbstractHandlerMethodMapping.java:543) - Mapped "{[/loggers/{name:.*}],methods=[POST],consumes=[application/vnd.spring-boot.actuator.v1+json || application/json],produces=[application/vnd.spring-boot.actuator.v1+json || application/json]}" onto public java.lang.Object org.springframework.boot.actuate.endpoint.mvc.LoggersMvcEndpoint.set(java.lang.String,java.util.Map<java.lang.String, java.lang.String>)
 INFO [main] (AbstractHandlerMethodMapping.java:543) - Mapped "{[/loggers || /loggers.json],methods=[GET],produces=[application/vnd.spring-boot.actuator.v1+json || application/json]}" onto public java.lang.Object org.springframework.boot.actuate.endpoint.mvc.EndpointMvcAdapter.invoke()
 INFO [main] (AbstractHandlerMethodMapping.java:543) - Mapped "{[/health || /health.json],methods=[GET],produces=[application/vnd.spring-boot.actuator.v1+json || application/json]}" onto public java.lang.Object org.springframework.boot.actuate.endpoint.mvc.HealthMvcEndpoint.invoke(javax.servlet.http.HttpServletRequest)
 INFO [main] (AbstractHandlerMethodMapping.java:543) - Mapped "{[/heapdump || /heapdump.json],methods=[GET],produces=[application/octet-stream]}" onto public void org.springframework.boot.actuate.endpoint.mvc.HeapdumpMvcEndpoint.invoke(boolean,javax.servlet.http.HttpServletRequest,javax.servlet.http.HttpServletResponse) throws java.io.IOException,javax.servlet.ServletException
 INFO [main] (AbstractHandlerMethodMapping.java:543) - Mapped "{[/info || /info.json],methods=[GET],produces=[application/vnd.spring-boot.actuator.v1+json || application/json]}" onto public java.lang.Object org.springframework.boot.actuate.endpoint.mvc.EndpointMvcAdapter.invoke()
 INFO [main] (AbstractHandlerMethodMapping.java:543) - Mapped "{[/pause || /pause.json],methods=[POST]}" onto public java.lang.Object org.springframework.cloud.endpoint.GenericPostableMvcEndpoint.invoke()
 INFO [main] (AbstractHandlerMethodMapping.java:543) - Mapped "{[/restart || /restart.json],methods=[POST]}" onto public java.lang.Object org.springframework.cloud.context.restart.RestartMvcEndpoint.invoke()
 INFO [main] (AbstractHandlerMethodMapping.java:543) - Mapped "{[/env],methods=[POST]}" onto public java.lang.Object org.springframework.cloud.context.environment.EnvironmentManagerMvcEndpoint.value(java.util.Map<java.lang.String, java.lang.String>)
 INFO [main] (AbstractHandlerMethodMapping.java:543) - Mapped "{[/env/reset],methods=[POST]}" onto public java.util.Map<java.lang.String, java.lang.Object> org.springframework.cloud.context.environment.EnvironmentManagerMvcEndpoint.reset()
 INFO [main] (AbstractHandlerMethodMapping.java:543) - Mapped "{[/refresh || /refresh.json],methods=[POST]}" onto public java.lang.Object org.springframework.cloud.endpoint.GenericPostableMvcEndpoint.invoke()
 INFO [main] (AbstractHandlerMethodMapping.java:543) - Mapped "{[/trace || /trace.json],methods=[GET],produces=[application/vnd.spring-boot.actuator.v1+json || application/json]}" onto public java.lang.Object org.springframework.boot.actuate.endpoint.mvc.EndpointMvcAdapter.invoke()
 INFO [main] (AbstractHandlerMethodMapping.java:543) - Mapped "{[/mappings || /mappings.json],methods=[GET],produces=[application/vnd.spring-boot.actuator.v1+json || application/json]}" onto public java.lang.Object org.springframework.boot.actuate.endpoint.mvc.EndpointMvcAdapter.invoke()
 INFO [main] (AbstractHandlerMethodMapping.java:543) - Mapped "{[/beans || /beans.json],methods=[GET],produces=[application/vnd.spring-boot.actuator.v1+json || application/json]}" onto public java.lang.Object org.springframework.boot.actuate.endpoint.mvc.EndpointMvcAdapter.invoke()
 INFO [main] (AbstractHandlerMethodMapping.java:543) - Mapped "{[/resume || /resume.json],methods=[POST]}" onto public java.lang.Object org.springframework.cloud.endpoint.GenericPostableMvcEndpoint.invoke()
 INFO [main] (AbstractHandlerMethodMapping.java:543) - Mapped "{[/auditevents || /auditevents.json],methods=[GET],produces=[application/vnd.spring-boot.actuator.v1+json || application/json]}" onto public org.springframework.http.ResponseEntity<?> org.springframework.boot.actuate.endpoint.mvc.AuditEventsMvcEndpoint.findByPrincipalAndAfterAndType(java.lang.String,java.util.Date,java.lang.String)
 INFO [main] (AbstractHandlerMethodMapping.java:543) - Mapped "{[/archaius || /archaius.json],methods=[GET],produces=[application/vnd.spring-boot.actuator.v1+json || application/json]}" onto public java.lang.Object org.springframework.boot.actuate.endpoint.mvc.EndpointMvcAdapter.invoke()
 WARN [main] (ArchaiusAutoConfiguration.java:137) - No spring.application.name found, defaulting to 'application'
 WARN [main] (URLConfigurationSource.java:121) - No URLs will be polled as dynamic configuration sources.
 INFO [main] (URLConfigurationSource.java:122) - To enable URLs as dynamic configuration sources, define System property archaius.configurationSource.additionalUrls or make config.properties available on classpath.
 WARN [main] (URLConfigurationSource.java:121) - No URLs will be polled as dynamic configuration sources.
 INFO [main] (URLConfigurationSource.java:122) - To enable URLs as dynamic configuration sources, define System property archaius.configurationSource.additionalUrls or make config.properties available on classpath.
 INFO [main] (StartupInfoLogger.java:57) - Started SpringTGoogleFusionTableInputTestIT in 8.283 seconds (JVM running for 16.24)
 INFO [main] (PropertiesTestUtils.java:192) - Checking: org.talend.components.google.tgooglefusiontableinput.TGoogleFusionTableInputProperties
Tests run: 3, Failures: 0, Errors: 0, Skipped: 1, Time elapsed: 8.913 sec - in org.talend.components.google.SpringTGoogleFusionTableInputTestIT
 INFO [Thread-10] (AbstractApplicationContext.java:982) - Closing org.springframework.web.context.support.GenericWebApplicationContext@14e9458a: startup date [Mon Jul 03 16:58:09 CEST 2017]; parent: org.springframework.context.annotation.AnnotationConfigApplicationContext@2b68c59b

Results :




Tests run: 6, Failures: 0, Errors: 0, Skipped: 2

[INFO] 
[INFO] --- maven-failsafe-plugin:2.18:verify (default) @ components-google-definition ---
[INFO] Failsafe report directory: C:\Users\ychen\my_components\components-google\components-google-definition\target\failsafe-reports
[INFO] 
[INFO] --- maven-install-plugin:2.5.2:install (default-install) @ components-google-definition ---
[INFO] Installing C:\Users\ychen\my_components\components-google\components-google-definition\target\components-google-definition-0.1.0-SNAPSHOT.jar to C:\Users\ychen.TALEND\.m2\repository\org\talend\components\components-google-definition\0.1.0-SNAPSHOT\components-google-definition-0.1.0-SNAPSHOT.jar
[INFO] Installing C:\Users\ychen\my_components\components-google\components-google-definition\pom.xml to C:\Users\ychen.TALEND\.m2\repository\org\talend\components\components-google-definition\0.1.0-SNAPSHOT\components-google-definition-0.1.0-SNAPSHOT.pom
[INFO] Installing C:\Users\ychen\my_components\components-google\components-google-definition\target\components-google-definition-0.1.0-SNAPSHOT-sources.jar to C:\Users\ychen.TALEND\.m2\repository\org\talend\components\components-google-definition\0.1.0-SNAPSHOT\components-google-definition-0.1.0-SNAPSHOT-sources.jar
[INFO] Installing C:\Users\ychen\my_components\components-google\components-google-definition\target\components-google-definition-0.1.0-SNAPSHOT-javadoc.jar to C:\Users\ychen.TALEND\.m2\repository\org\talend\components\components-google-definition\0.1.0-SNAPSHOT\components-google-definition-0.1.0-SNAPSHOT-javadoc.jar
[INFO] 
[INFO] --- maven-bundle-plugin:3.0.1:install (default-install) @ components-google-definition ---
[INFO] Installing org/talend/components/components-google-definition/0.1.0-SNAPSHOT/components-google-definition-0.1.0-SNAPSHOT.jar
[INFO] Writing OBR metadata
[INFO]                                                                         
[INFO] ------------------------------------------------------------------------
[INFO] Building Components - TGoogleFusionTableInput Runtime 0.1.0-SNAPSHOT
[INFO] ------------------------------------------------------------------------
[INFO] 
[INFO] --- maven-clean-plugin:2.5:clean (default-clean) @ components-google-runtime ---
[INFO] Deleting C:\Users\ychen\my_components\components-google\components-google-runtime\target
[INFO] 
[INFO] --- jacoco-maven-plugin:0.7.7.201606060606:prepare-agent (default-prepare-agent) @ components-google-runtime ---
[INFO] argLine set to -javaagent:C:\\Users\\ychen.TALEND\\.m2\\repository\\org\\jacoco\\org.jacoco.agent\\0.7.7.201606060606\\org.jacoco.agent-0.7.7.201606060606-runtime.jar=destfile=C:\\Users\\ychen\\my_components\\components-google\\components-google-runtime\\target\\jacoco.exec
[INFO] 
[INFO] --- maven-dependency-plugin:2.10:list (generate-depends-file) @ components-google-runtime ---
[INFO] 
[INFO] --- maven-resources-plugin:2.6:resources (default-resources) @ components-google-runtime ---
[INFO] Using 'UTF-8' encoding to copy filtered resources.
[INFO] Copying 1 resource
[INFO] 
[INFO] --- maven-antrun-plugin:1.8:run (append-self-artifact-to-deps) @ components-google-runtime ---
[WARNING] Parameter tasks is deprecated, use target instead
[INFO] Executing tasks

main:
[INFO] Executed tasks
[INFO] 
[INFO] --- maven-compiler-plugin:3.1:compile (default-compile) @ components-google-runtime ---
[INFO] Changes detected - recompiling the module!
[INFO] Compiling 5 source files to C:\Users\ychen\my_components\components-google\components-google-runtime\target\classes
[INFO] -------------------------------------------------------------
[WARNING] COMPILATION WARNING : 
[INFO] -------------------------------------------------------------
[WARNING] /C:/Users/ychen/my_components/components-google/components-google-runtime/src/main/java/org/talend/components/google/avro/DelimitedStringConverter.java: C:\Users\ychen\my_components\components-google\components-google-runtime\src\main\java\org\talend\components\google\avro\DelimitedStringConverter.java uses unchecked or unsafe operations.
[WARNING] /C:/Users/ychen/my_components/components-google/components-google-runtime/src/main/java/org/talend/components/google/avro/DelimitedStringConverter.java: Recompile with -Xlint:unchecked for details.
[INFO] 2 warnings 
[INFO] -------------------------------------------------------------
[INFO] -------------------------------------------------------------
[ERROR] COMPILATION ERROR : 
[INFO] -------------------------------------------------------------
[ERROR] /C:/Users/ychen/my_components/components-google/components-google-runtime/src/main/java/org/talend/components/google/runtime/reader/TGoogleFusionTableInputReader.java:[223,70] cannot find symbol
  symbol:   method getFilePath()
  location: class org.talend.components.google.runtime.reader.TGoogleFusionTableInputSource
[ERROR] /C:/Users/ychen/my_components/components-google/components-google-runtime/src/main/java/org/talend/components/google/runtime/reader/TGoogleFusionTableInputReader.java:[225,51] cannot find symbol
  symbol:   method getFilePath()
  location: class org.talend.components.google.runtime.reader.TGoogleFusionTableInputSource
[ERROR] /C:/Users/ychen/my_components/components-google/components-google-runtime/src/main/java/org/talend/components/google/runtime/reader/TGoogleFusionTableInputReader.java:[269,52] cannot find symbol
  symbol:   method getFilePath()
  location: class org.talend.components.google.runtime.reader.TGoogleFusionTableInputSource
[ERROR] /C:/Users/ychen/my_components/components-google/components-google-runtime/src/main/java/org/talend/components/google/runtime/reader/TGoogleFusionTableInputReader.java:[298,43] cannot find symbol
  symbol:   method createConverter(org.apache.avro.Schema)
  location: class org.talend.components.google.runtime.reader.TGoogleFusionTableInputSource
[ERROR] /C:/Users/ychen/my_components/components-google/components-google-runtime/src/main/java/org/talend/components/google/runtime/reader/TGoogleFusionTableInputReader.java:[312,47] cannot find symbol
  symbol:   method provideRuntimeSchema(java.lang.String)
  location: class org.talend.components.google.runtime.reader.TGoogleFusionTableInputSource
[ERROR] /C:/Users/ychen/my_components/components-google/components-google-runtime/src/main/java/org/talend/components/google/runtime/reader/FusionTablesSample.java:[126,5] cannot find symbol
  symbol:   variable View
  location: class org.talend.components.google.runtime.reader.FusionTablesSample
[ERROR] /C:/Users/ychen/my_components/components-google/components-google-runtime/src/main/java/org/talend/components/google/runtime/reader/FusionTablesSample.java:[142,5] cannot find symbol
  symbol:   variable View
  location: class org.talend.components.google.runtime.reader.FusionTablesSample
[ERROR] /C:/Users/ychen/my_components/components-google/components-google-runtime/src/main/java/org/talend/components/google/runtime/reader/FusionTablesSample.java:[154,7] cannot find symbol
  symbol:   variable View
  location: class org.talend.components.google.runtime.reader.FusionTablesSample
[ERROR] /C:/Users/ychen/my_components/components-google/components-google-runtime/src/main/java/org/talend/components/google/runtime/reader/FusionTablesSample.java:[155,7] cannot find symbol
  symbol:   variable View
  location: class org.talend.components.google.runtime.reader.FusionTablesSample
[ERROR] /C:/Users/ychen/my_components/components-google/components-google-runtime/src/main/java/org/talend/components/google/runtime/reader/FusionTablesSample.java:[161,5] cannot find symbol
  symbol:   variable View
  location: class org.talend.components.google.runtime.reader.FusionTablesSample
[ERROR] /C:/Users/ychen/my_components/components-google/components-google-runtime/src/main/java/org/talend/components/google/runtime/reader/FusionTablesSample.java:[179,5] cannot find symbol
  symbol:   variable View
  location: class org.talend.components.google.runtime.reader.FusionTablesSample
[ERROR] /C:/Users/ychen/my_components/components-google/components-google-runtime/src/main/java/org/talend/components/google/runtime/reader/FusionTablesSample.java:[202,5] cannot find symbol
  symbol:   variable View
  location: class org.talend.components.google.runtime.reader.FusionTablesSample
[INFO] 12 errors 
[INFO] -------------------------------------------------------------
[INFO] ------------------------------------------------------------------------
[INFO] Reactor Summary:
[INFO] 
[INFO] Components - TGoogleFusionTableInput Definition .... SUCCESS [ 45.708 s]
[INFO] Components - TGoogleFusionTableInput Runtime ....... FAILURE [  1.605 s]
[INFO] Components - TGoogleFusionTableInput Aggregator .... SKIPPED
[INFO] ------------------------------------------------------------------------
[INFO] BUILD FAILURE
[INFO] ------------------------------------------------------------------------
[INFO] Total time: 50.648 s
[INFO] Finished at: 2017-07-03T16:58:17+02:00
[INFO] Final Memory: 71M/605M
[INFO] ------------------------------------------------------------------------
[ERROR] Failed to execute goal org.apache.maven.plugins:maven-compiler-plugin:3.1:compile (default-compile) on project components-google-runtime: Compilation failure: Compilation failure:
[ERROR] /C:/Users/ychen/my_components/components-google/components-google-runtime/src/main/java/org/talend/components/google/runtime/reader/TGoogleFusionTableInputReader.java:[223,70] cannot find symbol
[ERROR] symbol:   method getFilePath()
[ERROR] location: class org.talend.components.google.runtime.reader.TGoogleFusionTableInputSource
[ERROR] /C:/Users/ychen/my_components/components-google/components-google-runtime/src/main/java/org/talend/components/google/runtime/reader/TGoogleFusionTableInputReader.java:[225,51] cannot find symbol
[ERROR] symbol:   method getFilePath()
[ERROR] location: class org.talend.components.google.runtime.reader.TGoogleFusionTableInputSource
[ERROR] /C:/Users/ychen/my_components/components-google/components-google-runtime/src/main/java/org/talend/components/google/runtime/reader/TGoogleFusionTableInputReader.java:[269,52] cannot find symbol
[ERROR] symbol:   method getFilePath()
[ERROR] location: class org.talend.components.google.runtime.reader.TGoogleFusionTableInputSource
[ERROR] /C:/Users/ychen/my_components/components-google/components-google-runtime/src/main/java/org/talend/components/google/runtime/reader/TGoogleFusionTableInputReader.java:[298,43] cannot find symbol
[ERROR] symbol:   method createConverter(org.apache.avro.Schema)
[ERROR] location: class org.talend.components.google.runtime.reader.TGoogleFusionTableInputSource
[ERROR] /C:/Users/ychen/my_components/components-google/components-google-runtime/src/main/java/org/talend/components/google/runtime/reader/TGoogleFusionTableInputReader.java:[312,47] cannot find symbol
[ERROR] symbol:   method provideRuntimeSchema(java.lang.String)
[ERROR] location: class org.talend.components.google.runtime.reader.TGoogleFusionTableInputSource
[ERROR] /C:/Users/ychen/my_components/components-google/components-google-runtime/src/main/java/org/talend/components/google/runtime/reader/FusionTablesSample.java:[126,5] cannot find symbol
[ERROR] symbol:   variable View
[ERROR] location: class org.talend.components.google.runtime.reader.FusionTablesSample
[ERROR] /C:/Users/ychen/my_components/components-google/components-google-runtime/src/main/java/org/talend/components/google/runtime/reader/FusionTablesSample.java:[142,5] cannot find symbol
[ERROR] symbol:   variable View
[ERROR] location: class org.talend.components.google.runtime.reader.FusionTablesSample
[ERROR] /C:/Users/ychen/my_components/components-google/components-google-runtime/src/main/java/org/talend/components/google/runtime/reader/FusionTablesSample.java:[154,7] cannot find symbol
[ERROR] symbol:   variable View
[ERROR] location: class org.talend.components.google.runtime.reader.FusionTablesSample
[ERROR] /C:/Users/ychen/my_components/components-google/components-google-runtime/src/main/java/org/talend/components/google/runtime/reader/FusionTablesSample.java:[155,7] cannot find symbol
[ERROR] symbol:   variable View
[ERROR] location: class org.talend.components.google.runtime.reader.FusionTablesSample
[ERROR] /C:/Users/ychen/my_components/components-google/components-google-runtime/src/main/java/org/talend/components/google/runtime/reader/FusionTablesSample.java:[161,5] cannot find symbol
[ERROR] symbol:   variable View
[ERROR] location: class org.talend.components.google.runtime.reader.FusionTablesSample
[ERROR] /C:/Users/ychen/my_components/components-google/components-google-runtime/src/main/java/org/talend/components/google/runtime/reader/FusionTablesSample.java:[179,5] cannot find symbol
[ERROR] symbol:   variable View
[ERROR] location: class org.talend.components.google.runtime.reader.FusionTablesSample
[ERROR] /C:/Users/ychen/my_components/components-google/components-google-runtime/src/main/java/org/talend/components/google/runtime/reader/FusionTablesSample.java:[202,5] cannot find symbol
[ERROR] symbol:   variable View
[ERROR] location: class org.talend.components.google.runtime.reader.FusionTablesSample
[ERROR] -> [Help 1]
[ERROR] 
[ERROR] To see the full stack trace of the errors, re-run Maven with the -e switch.
[ERROR] Re-run Maven using the -X switch to enable full debug logging.
[ERROR] 
[ERROR] For more information about the errors and possible solutions, please read the following articles:
[ERROR] [Help 1] http://cwiki.apache.org/confluence/display/MAVEN/MojoFailureException
[ERROR] 
[ERROR] After correcting the problems, you can resume the build with the command
[ERROR]   mvn <goals> -rf :components-google-runtime
